Microsoft (R) Macro Assembler Version 14.27.29112.0	    10/30/20 00:27:21
main.asm						     Page 1 - 1


				.386
				.model flat

 00000000			.code

 00000000			@FUNC@20 proc
 00000000  55				push ebp ;сохраняем ebp при вызове
 00000001  8B EC			mov ebp, esp ;устанавливаем новое значение ebp

					;длина второй строки должна быть больше длины первой строки
 00000003  3B D1			cmp edx, ecx
 00000005  72 3F			jb error

					; длина второй строки
 00000007  8B DA			mov ebx, edx
					

					
 00000009  8B 7D 08			mov edi, [ebp]+8	;первая строка
 0000000C  8B 75 0C			mov esi, [ebp]+12	;вторая строка
					
 0000000F			FindSymbol: ;ищем символ

 0000000F  B8 00000000			mov eax, 0
 00000014  8A 07			mov al,[edi]	;берем символ первой строки 
 00000016  8A 26			mov ah, [esi]	;берем символ второй строки
 00000018  3A C4			cmp al, ah	;сравниваем два символа
 0000001A  74 0E			je found	;если символы равны, то переходим в found
 0000001C  46				inc esi		; переходим на следующий символ второй строки
 0000001D  4B				dec ebx		;уменьшаем кол-во символов первой строки
 0000001E  83 FB 00			cmp ebx, 0	;проверяем закончились ли символы
 00000021  77 EC			ja FindSymbol	;если символы еще есть, переходим к ним

					;символ из первой строки не нашелся, фиксируем его индекс
 00000023  8B 45 10			mov eax, [ebp]+16
 00000026  5D				pop ebp
 00000027  C2 000C			ret 12
 0000002A			found:
					;если нашли хотя бы одно вхождение символа, обрабатываем остальные символы дальше
 0000002A  47				inc edi ;переходим на следующий символ первой строки
 0000002B  8B 75 0C			mov esi, [ebp]+12	;возвращаем в регистр esi вторую строку, чтобы снова обработать ее в сравнении с другим символом
 0000002E  8B DA			mov ebx, edx	;возвращаем в переменную slenght максимальное кол-во символов второй строки	
 00000030  8B 45 10			mov eax, [ebp]+16
 00000033  40				inc eax		; увеличиваем индекс первой строки
 00000034  89 45 10			mov [ebp]+16,eax
 00000037  49				dec ecx		;уменьшаем кол-во символов первой строки
 00000038  83 F9 00			cmp ecx, 0	;проверяем закончились ли символы
 0000003B  77 D2			ja FindSymbol	;если не закончились, переходим к дальнейшему анализу

 0000003D  5D				pop ebp
 0000003E  B8 00000000			mov eax, 0
 00000043  C2 000C			ret 12
 00000046			error:
 00000046  5D					pop ebp
 00000047  B8 FFFFFFFF				mov eax, -1
 0000004C  C2 000C				ret 12
 0000004F			@FUNC@20 endp
				end
Microsoft (R) Macro Assembler Version 14.27.29112.0	    10/30/20 00:27:21
main.asm						     Symbols 2 - 1




Segments and Groups:

                N a m e                 Size     Length   Align   Combine Class

FLAT . . . . . . . . . . . . . .	GROUP
_DATA  . . . . . . . . . . . . .	32 Bit	 00000000 DWord	  Public  'DATA'	
_TEXT  . . . . . . . . . . . . .	32 Bit	 0000004F DWord	  Public  'CODE'	


Procedures, parameters, and locals:

                N a m e                 Type     Value    Attr

@FUNC@20 . . . . . . . . . . . .	P Near	 00000000 _TEXT	Length= 0000004F Public
  FindSymbol . . . . . . . . . .	L Near	 0000000F _TEXT	
  found  . . . . . . . . . . . .	L Near	 0000002A _TEXT	
  error  . . . . . . . . . . . .	L Near	 00000046 _TEXT	


Symbols:

                N a m e                 Type     Value    Attr

@CodeSize  . . . . . . . . . . .	Number	 00000000h   
@DataSize  . . . . . . . . . . .	Number	 00000000h   
@Interface . . . . . . . . . . .	Number	 00000000h   
@Model . . . . . . . . . . . . .	Number	 00000007h   
@code  . . . . . . . . . . . . .	Text   	 _TEXT
@data  . . . . . . . . . . . . .	Text   	 FLAT
@fardata?  . . . . . . . . . . .	Text   	 FLAT
@fardata . . . . . . . . . . . .	Text   	 FLAT
@stack . . . . . . . . . . . . .	Text   	 FLAT

	   0 Warnings
	   0 Errors
